<?xml version="1.0" encoding="UTF-8"?>
<testng-results skipped="0" failed="0" ignored="0" total="1" passed="1">
  <reporter-output>
  </reporter-output>
  <suite name="Default suite" duration-ms="100930" started-at="2020-08-18T11:09:25 IST" finished-at="2020-08-18T11:11:06 IST">
    <groups>
    </groups>
    <test name="Default test" duration-ms="100930" started-at="2020-08-18T11:09:25 IST" finished-at="2020-08-18T11:11:06 IST">
      <class name="pom.TestClass">
        <test-method status="PASS" signature="test1()[pri:0, instance:pom.TestClass@5abca1e0]" name="test1" duration-ms="100741" started-at="2020-08-18T11:09:25 IST" finished-at="2020-08-18T11:11:06 IST">
          <reporter-output>
          </reporter-output>
        </test-method> <!-- test1 -->
      </class> <!-- pom.TestClass -->
    </test> <!-- Default test -->
  </suite> <!-- Default suite -->
</testng-results>
